
Mon Dec 30 2024 20:06:52:922 GMT+0530 (India Standard Time) -- [SUCCESS] You can now access your local server(s) in our remote browser

Mon Dec 30 2024 20:06:53:191 GMT+0530 (India Standard Time) -- Press Ctrl-C to exit


Mon Dec 30 2024 20:06:53:311 GMT+0530 (India Standard Time) -- Starting configuration console on http://localhost:45454

Mon Dec 30 2024 20:11:49:657 GMT+0530 (India Standard Time) -- [SUCCESS] You can now access your local server(s) in our remote browser

Mon Dec 30 2024 20:11:49:920 GMT+0530 (India Standard Time) -- Press Ctrl-C to exit


Mon Dec 30 2024 20:11:50:413 GMT+0530 (India Standard Time) -- Starting configuration console on http://localhost:45454

Mon Dec 30 2024 20:20:07:75 GMT+0530 (India Standard Time) -- [SUCCESS] You can now access your local server(s) in our remote browser

Mon Dec 30 2024 20:20:07:261 GMT+0530 (India Standard Time) -- Press Ctrl-C to exit


Mon Dec 30 2024 20:20:07:728 GMT+0530 (India Standard Time) -- Starting configuration console on http://localhost:45454

Mon Dec 30 2024 21:13:35:289 GMT+0530 (India Standard Time) -- [SUCCESS] You can now access your local server(s) in our remote browser

Mon Dec 30 2024 21:13:35:555 GMT+0530 (India Standard Time) -- Press Ctrl-C to exit


Mon Dec 30 2024 21:13:35:779 GMT+0530 (India Standard Time) -- Starting configuration console on http://localhost:45454

Mon Dec 30 2024 21:25:56:525 GMT+0530 (India Standard Time) -- [SUCCESS] You can now access your local server(s) in our remote browser

Mon Dec 30 2024 21:25:56:813 GMT+0530 (India Standard Time) -- Press Ctrl-C to exit


Mon Dec 30 2024 21:25:57:491 GMT+0530 (India Standard Time) -- Starting configuration console on http://localhost:45454

Mon Dec 30 2024 21:42:36:796 GMT+0530 (India Standard Time) -- [SUCCESS] You can now access your local server(s) in our remote browser

Mon Dec 30 2024 21:42:37:181 GMT+0530 (India Standard Time) -- Press Ctrl-C to exit


Mon Dec 30 2024 21:42:37:418 GMT+0530 (India Standard Time) -- Starting configuration console on http://localhost:45454

Mon Dec 30 2024 21:44:04:102 GMT+0530 (India Standard Time) -- [SUCCESS] You can now access your local server(s) in our remote browser

Mon Dec 30 2024 21:44:04:296 GMT+0530 (India Standard Time) -- Press Ctrl-C to exit


Mon Dec 30 2024 21:44:04:659 GMT+0530 (India Standard Time) -- Starting configuration console on http://localhost:45454

Mon Dec 30 2024 21:49:38:145 GMT+0530 (India Standard Time) -- [SUCCESS] You can now access your local server(s) in our remote browser

Mon Dec 30 2024 21:49:38:559 GMT+0530 (India Standard Time) -- Press Ctrl-C to exit


Mon Dec 30 2024 21:49:38:736 GMT+0530 (India Standard Time) -- Starting configuration console on http://localhost:45454

Mon Dec 30 2024 21:53:05:656 GMT+0530 (India Standard Time) -- [SUCCESS] You can now access your local server(s) in our remote browser

Mon Dec 30 2024 21:53:05:825 GMT+0530 (India Standard Time) -- Press Ctrl-C to exit


Mon Dec 30 2024 21:53:06:471 GMT+0530 (India Standard Time) -- Starting configuration console on http://localhost:45454

Mon Dec 30 2024 22:03:07:500 GMT+0530 (India Standard Time) -- [SUCCESS] You can now access your local server(s) in our remote browser

Mon Dec 30 2024 22:03:07:652 GMT+0530 (India Standard Time) -- Press Ctrl-C to exit


Mon Dec 30 2024 22:03:08:371 GMT+0530 (India Standard Time) -- Starting configuration console on http://localhost:45454

Mon Dec 30 2024 22:43:33:604 GMT+0530 (India Standard Time) -- [SUCCESS] You can now access your local server(s) in our remote browser

Mon Dec 30 2024 22:43:33:759 GMT+0530 (India Standard Time) -- Press Ctrl-C to exit


Mon Dec 30 2024 22:43:34:451 GMT+0530 (India Standard Time) -- Starting configuration console on http://localhost:45454

Mon Dec 30 2024 22:49:18:950 GMT+0530 (India Standard Time) -- Starting configuration console on http://localhost:45454
Mon Dec 30 2024 22:49:18:988 GMT+0530 (India Standard Time) -- [SUCCESS] You can now access your local server(s) in our remote browser

Mon Dec 30 2024 22:49:19:173 GMT+0530 (India Standard Time) -- Press Ctrl-C to exit



Mon Dec 30 2024 22:51:03:741 GMT+0530 (India Standard Time) -- [SUCCESS] You can now access your local server(s) in our remote browser

Mon Dec 30 2024 22:51:03:915 GMT+0530 (India Standard Time) -- Press Ctrl-C to exit


Mon Dec 30 2024 22:51:04:513 GMT+0530 (India Standard Time) -- Starting configuration console on http://localhost:45454

Mon Dec 30 2024 22:51:49:346 GMT+0530 (India Standard Time) -- [SUCCESS] You can now access your local server(s) in our remote browser

Mon Dec 30 2024 22:51:49:392 GMT+0530 (India Standard Time) -- Press Ctrl-C to exit


Mon Dec 30 2024 22:51:50:138 GMT+0530 (India Standard Time) -- Starting configuration console on http://localhost:45454

Mon Dec 30 2024 23:02:38:72 GMT+0530 (India Standard Time) -- [SUCCESS] You can now access your local server(s) in our remote browser

Mon Dec 30 2024 23:02:38:242 GMT+0530 (India Standard Time) -- Press Ctrl-C to exit


Mon Dec 30 2024 23:02:38:625 GMT+0530 (India Standard Time) -- Starting configuration console on http://localhost:45454

Tue Dec 31 2024 23:53:47:178 GMT+0530 (India Standard Time) -- [SUCCESS] You can now access your local server(s) in our remote browser

Tue Dec 31 2024 23:53:47:360 GMT+0530 (India Standard Time) -- Press Ctrl-C to exit


Tue Dec 31 2024 23:53:48:37 GMT+0530 (India Standard Time) -- Starting configuration console on http://localhost:45454

Wed Jan 01 2025 00:02:18:905 GMT+0530 (India Standard Time) -- [SUCCESS] You can now access your local server(s) in our remote browser

Wed Jan 01 2025 00:02:19:77 GMT+0530 (India Standard Time) -- Press Ctrl-C to exit


Wed Jan 01 2025 00:02:19:753 GMT+0530 (India Standard Time) -- Starting configuration console on http://localhost:45454

Wed Jan 01 2025 00:14:09:512 GMT+0530 (India Standard Time) -- [SUCCESS] You can now access your local server(s) in our remote browser

Wed Jan 01 2025 00:14:09:680 GMT+0530 (India Standard Time) -- Press Ctrl-C to exit


Wed Jan 01 2025 00:14:10:91 GMT+0530 (India Standard Time) -- Starting configuration console on http://localhost:45454

Wed Jan 01 2025 00:28:29:864 GMT+0530 (India Standard Time) -- [SUCCESS] You can now access your local server(s) in our remote browser

Wed Jan 01 2025 00:28:30:201 GMT+0530 (India Standard Time) -- Press Ctrl-C to exit


Wed Jan 01 2025 00:28:30:551 GMT+0530 (India Standard Time) -- Starting configuration console on http://localhost:45454

Wed Jan 01 2025 00:29:43:501 GMT+0530 (India Standard Time) -- [SUCCESS] You can now access your local server(s) in our remote browser

Wed Jan 01 2025 00:29:43:687 GMT+0530 (India Standard Time) -- Press Ctrl-C to exit


Wed Jan 01 2025 00:29:44:330 GMT+0530 (India Standard Time) -- Starting configuration console on http://localhost:45454

Wed Jan 01 2025 00:39:35:559 GMT+0530 (India Standard Time) -- [SUCCESS] You can now access your local server(s) in our remote browser

Wed Jan 01 2025 00:39:35:784 GMT+0530 (India Standard Time) -- Press Ctrl-C to exit


Wed Jan 01 2025 00:39:36:145 GMT+0530 (India Standard Time) -- Starting configuration console on http://localhost:45454

Wed Jan 01 2025 12:05:17:516 GMT+0530 (India Standard Time) -- [SUCCESS] You can now access your local server(s) in our remote browser

Wed Jan 01 2025 12:05:18:277 GMT+0530 (India Standard Time) -- Starting configuration console on http://localhost:45454
Wed Jan 01 2025 12:05:19:11 GMT+0530 (India Standard Time) -- Press Ctrl-C to exit



Wed Jan 01 2025 12:46:05:969 GMT+0530 (India Standard Time) -- [SUCCESS] You can now access your local server(s) in our remote browser

Wed Jan 01 2025 12:46:06:107 GMT+0530 (India Standard Time) -- Press Ctrl-C to exit


Wed Jan 01 2025 12:46:06:657 GMT+0530 (India Standard Time) -- Starting configuration console on http://localhost:45454

Wed Jan 01 2025 13:16:49:588 GMT+0530 (India Standard Time) -- [SUCCESS] You can now access your local server(s) in our remote browser

Wed Jan 01 2025 13:16:49:789 GMT+0530 (India Standard Time) -- Press Ctrl-C to exit


Wed Jan 01 2025 13:16:50:308 GMT+0530 (India Standard Time) -- Starting configuration console on http://localhost:45454

Wed Jan 01 2025 13:23:49:509 GMT+0530 (India Standard Time) -- [SUCCESS] You can now access your local server(s) in our remote browser

Wed Jan 01 2025 13:23:49:742 GMT+0530 (India Standard Time) -- Press Ctrl-C to exit


Wed Jan 01 2025 13:23:50:323 GMT+0530 (India Standard Time) -- Starting configuration console on http://localhost:45454

Wed Jan 01 2025 13:35:12:174 GMT+0530 (India Standard Time) -- Starting configuration console on http://localhost:45454
Wed Jan 01 2025 13:35:12:465 GMT+0530 (India Standard Time) -- [SUCCESS] You can now access your local server(s) in our remote browser

Wed Jan 01 2025 13:35:12:651 GMT+0530 (India Standard Time) -- Press Ctrl-C to exit


